C:\USERS\ANTON\DROPBOX\TUTORIALS_CODE\VISUAL_STUDIO\37_DEFERRED_LIGHTING\DEBUG\GL_UTILS.OBJ
C:\USERS\ANTON\DROPBOX\TUTORIALS_CODE\VISUAL_STUDIO\37_DEFERRED_LIGHTING\DEBUG\MAIN.OBJ
C:\USERS\ANTON\DROPBOX\TUTORIALS_CODE\VISUAL_STUDIO\37_DEFERRED_LIGHTING\DEBUG\MATHS_FUNCS.OBJ
C:\USERS\ANTON\DROPBOX\TUTORIALS_CODE\VISUAL_STUDIO\37_DEFERRED_LIGHTING\DEBUG\OBJ_PARSER.OBJ
C:\USERS\ANTON\DROPBOX\TUTORIALS_CODE\VISUAL_STUDIO\37_DEFERRED_LIGHTING\DEBUG\VC110.PDB
C:\USERS\ANTON\DROPBOX\TUTORIALS_CODE\VISUAL_STUDIO\DEBUG\37_DEFERRED_LIGHTING.ILK
C:\USERS\ANTON\DROPBOX\TUTORIALS_CODE\VISUAL_STUDIO\DEBUG\37_DEFERRED_LIGHTING.EXE
C:\USERS\ANTON\DROPBOX\TUTORIALS_CODE\VISUAL_STUDIO\DEBUG\37_DEFERRED_LIGHTING.PDB
C:\Users\anton\Dropbox\tutorials_code\visual_studio\37_deferred_lighting\Debug\gl_utils.obj
C:\Users\anton\Dropbox\tutorials_code\visual_studio\37_deferred_lighting\Debug\main.obj
C:\Users\anton\Dropbox\tutorials_code\visual_studio\37_deferred_lighting\Debug\maths_funcs.obj
C:\Users\anton\Dropbox\tutorials_code\visual_studio\37_deferred_lighting\Debug\obj_parser.obj
C:\Users\anton\Dropbox\tutorials_code\visual_studio\37_deferred_lighting\Debug\cl.command.1.tlog
C:\Users\anton\Dropbox\tutorials_code\visual_studio\37_deferred_lighting\Debug\CL.read.1.tlog
C:\Users\anton\Dropbox\tutorials_code\visual_studio\37_deferred_lighting\Debug\CL.write.1.tlog
C:\Users\anton\Dropbox\tutorials_code\visual_studio\37_deferred_lighting\Debug\link-cvtres.read.1.tlog
C:\Users\anton\Dropbox\tutorials_code\visual_studio\37_deferred_lighting\Debug\link-cvtres.write.1.tlog
C:\Users\anton\Dropbox\tutorials_code\visual_studio\37_deferred_lighting\Debug\link-rc.read.1.tlog
C:\Users\anton\Dropbox\tutorials_code\visual_studio\37_deferred_lighting\Debug\link-rc.write.1.tlog
C:\Users\anton\Dropbox\tutorials_code\visual_studio\37_deferred_lighting\Debug\link.command.1.tlog
C:\Users\anton\Dropbox\tutorials_code\visual_studio\37_deferred_lighting\Debug\link.read.1.tlog
C:\Users\anton\Dropbox\tutorials_code\visual_studio\37_deferred_lighting\Debug\link.write.1.tlog
C:\Users\anton\Dropbox\tutorials_code\visual_studio\37_deferred_lighting\Debug\vc110.idb
C:\Users\anton\Dropbox\tutorials_code\visual_studio\37_deferred_lighting\Debug\vc110.pdb
C:\Users\anton\Dropbox\tutorials_code\visual_studio\Debug\37_deferred_lighting.pdb
C:\Users\anton\Dropbox\tutorials_code\visual_studio\Debug\37_deferred_lighting.exe
C:\Users\anton\Dropbox\tutorials_code\visual_studio\Debug\37_deferred_lighting.ilk
