C:\USERS\ANTON\DROPBOX\TUTORIALS_CODE\VISUAL_STUDIO\38_TEXTURE_SHADOWS\DEBUG\GL_UTILS.OBJ
C:\USERS\ANTON\DROPBOX\TUTORIALS_CODE\VISUAL_STUDIO\38_TEXTURE_SHADOWS\DEBUG\MAIN.OBJ
C:\USERS\ANTON\DROPBOX\TUTORIALS_CODE\VISUAL_STUDIO\38_TEXTURE_SHADOWS\DEBUG\MATHS_FUNCS.OBJ
C:\USERS\ANTON\DROPBOX\TUTORIALS_CODE\VISUAL_STUDIO\38_TEXTURE_SHADOWS\DEBUG\OBJ_PARSER.OBJ
C:\USERS\ANTON\DROPBOX\TUTORIALS_CODE\VISUAL_STUDIO\38_TEXTURE_SHADOWS\DEBUG\VC110.PDB
C:\USERS\ANTON\DROPBOX\TUTORIALS_CODE\VISUAL_STUDIO\DEBUG\38_TEXTURE_SHADOWS.ILK
C:\USERS\ANTON\DROPBOX\TUTORIALS_CODE\VISUAL_STUDIO\DEBUG\38_TEXTURE_SHADOWS.EXE
C:\USERS\ANTON\DROPBOX\TUTORIALS_CODE\VISUAL_STUDIO\DEBUG\38_TEXTURE_SHADOWS.PDB
C:\Users\anton\Dropbox\tutorials_code\visual_studio\38_texture_shadows\Debug\gl_utils.obj
C:\Users\anton\Dropbox\tutorials_code\visual_studio\38_texture_shadows\Debug\main.obj
C:\Users\anton\Dropbox\tutorials_code\visual_studio\38_texture_shadows\Debug\maths_funcs.obj
C:\Users\anton\Dropbox\tutorials_code\visual_studio\38_texture_shadows\Debug\obj_parser.obj
C:\Users\anton\Dropbox\tutorials_code\visual_studio\38_texture_shadows\Debug\cl.command.1.tlog
C:\Users\anton\Dropbox\tutorials_code\visual_studio\38_texture_shadows\Debug\CL.read.1.tlog
C:\Users\anton\Dropbox\tutorials_code\visual_studio\38_texture_shadows\Debug\CL.write.1.tlog
C:\Users\anton\Dropbox\tutorials_code\visual_studio\38_texture_shadows\Debug\link-cvtres.read.1.tlog
C:\Users\anton\Dropbox\tutorials_code\visual_studio\38_texture_shadows\Debug\link-cvtres.write.1.tlog
C:\Users\anton\Dropbox\tutorials_code\visual_studio\38_texture_shadows\Debug\link-rc.read.1.tlog
C:\Users\anton\Dropbox\tutorials_code\visual_studio\38_texture_shadows\Debug\link-rc.write.1.tlog
C:\Users\anton\Dropbox\tutorials_code\visual_studio\38_texture_shadows\Debug\link.command.1.tlog
C:\Users\anton\Dropbox\tutorials_code\visual_studio\38_texture_shadows\Debug\link.read.1.tlog
C:\Users\anton\Dropbox\tutorials_code\visual_studio\38_texture_shadows\Debug\link.write.1.tlog
C:\Users\anton\Dropbox\tutorials_code\visual_studio\38_texture_shadows\Debug\vc110.idb
C:\Users\anton\Dropbox\tutorials_code\visual_studio\38_texture_shadows\Debug\vc110.pdb
C:\Users\anton\Dropbox\tutorials_code\visual_studio\Debug\38_texture_shadows.pdb
C:\Users\anton\Dropbox\tutorials_code\visual_studio\Debug\38_texture_shadows.exe
C:\Users\anton\Dropbox\tutorials_code\visual_studio\Debug\38_texture_shadows.ilk
