GL_LOG_FILE log. local time Mon Jun 30 18:23:52 2014

starting GLFW 3.0.4 Win32 WGL VisualC LoadLibrary(winmm)
renderer: AMD Radeon HD 7570
version: 4.1.11251 Compatibility Profile Context
creating shader from plain.vert...
shader compiled. index 1
creating shader from plain.frag...
shader compiled. index 2
created programme 3. attaching shaders 1 and 2...
program 3 GL_VALIDATE_STATUS = GL_TRUE
creating shader from ss_quad.vert...
shader compiled. index 4
creating shader from ss_quad.frag...
shader compiled. index 5
created programme 6. attaching shaders 4 and 5...
program 6 GL_VALIDATE_STATUS = GL_TRUE
creating shader from depth.vert...
shader compiled. index 7
creating shader from depth.frag...
shader compiled. index 8
created programme 9. attaching shaders 7 and 8...
program 9 GL_VALIDATE_STATUS = GL_TRUE
