C:\USERS\ANTON\DROPBOX\TUTORIALS_CODE\VISUAL_STUDIO\33_EXTENSION_CHECK\DEBUG\VC110.PDB
C:\USERS\ANTON\DROPBOX\TUTORIALS_CODE\VISUAL_STUDIO\33_EXTENSION_CHECK\DEBUG\MAIN.OBJ
C:\USERS\ANTON\DROPBOX\TUTORIALS_CODE\VISUAL_STUDIO\DEBUG\33_EXTENSION_CHECK.ILK
C:\USERS\ANTON\DROPBOX\TUTORIALS_CODE\VISUAL_STUDIO\DEBUG\33_EXTENSION_CHECK.EXE
C:\USERS\ANTON\DROPBOX\TUTORIALS_CODE\VISUAL_STUDIO\DEBUG\33_EXTENSION_CHECK.PDB
C:\Users\anton\Dropbox\tutorials_code\visual_studio\33_extension_check\Debug\main.obj
C:\Users\anton\Dropbox\tutorials_code\visual_studio\33_extension_check\Debug\cl.command.1.tlog
C:\Users\anton\Dropbox\tutorials_code\visual_studio\33_extension_check\Debug\CL.read.1.tlog
C:\Users\anton\Dropbox\tutorials_code\visual_studio\33_extension_check\Debug\CL.write.1.tlog
C:\Users\anton\Dropbox\tutorials_code\visual_studio\33_extension_check\Debug\link-cvtres.read.1.tlog
C:\Users\anton\Dropbox\tutorials_code\visual_studio\33_extension_check\Debug\link-cvtres.write.1.tlog
C:\Users\anton\Dropbox\tutorials_code\visual_studio\33_extension_check\Debug\link-rc.read.1.tlog
C:\Users\anton\Dropbox\tutorials_code\visual_studio\33_extension_check\Debug\link-rc.write.1.tlog
C:\Users\anton\Dropbox\tutorials_code\visual_studio\33_extension_check\Debug\link.command.1.tlog
C:\Users\anton\Dropbox\tutorials_code\visual_studio\33_extension_check\Debug\link.read.1.tlog
C:\Users\anton\Dropbox\tutorials_code\visual_studio\33_extension_check\Debug\link.write.1.tlog
C:\Users\anton\Dropbox\tutorials_code\visual_studio\33_extension_check\Debug\vc110.idb
C:\Users\anton\Dropbox\tutorials_code\visual_studio\33_extension_check\Debug\vc110.pdb
C:\Users\anton\Dropbox\tutorials_code\visual_studio\Debug\33_extension_check.pdb
C:\Users\anton\Dropbox\tutorials_code\visual_studio\Debug\33_extension_check.exe
C:\Users\anton\Dropbox\tutorials_code\visual_studio\Debug\33_extension_check.ilk
