C:\USERS\ANTON\DROPBOX\TUTORIALS_CODE\VISUAL_STUDIO\35_KERNEL\DEBUG\GL_UTILS.OBJ
C:\USERS\ANTON\DROPBOX\TUTORIALS_CODE\VISUAL_STUDIO\35_KERNEL\DEBUG\MAIN.OBJ
C:\USERS\ANTON\DROPBOX\TUTORIALS_CODE\VISUAL_STUDIO\35_KERNEL\DEBUG\MATHS_FUNCS.OBJ
C:\USERS\ANTON\DROPBOX\TUTORIALS_CODE\VISUAL_STUDIO\35_KERNEL\DEBUG\OBJ_PARSER.OBJ
C:\USERS\ANTON\DROPBOX\TUTORIALS_CODE\VISUAL_STUDIO\35_KERNEL\DEBUG\VC110.PDB
C:\USERS\ANTON\DROPBOX\TUTORIALS_CODE\VISUAL_STUDIO\DEBUG\35_KERNEL.ILK
C:\USERS\ANTON\DROPBOX\TUTORIALS_CODE\VISUAL_STUDIO\DEBUG\35_KERNEL.EXE
C:\USERS\ANTON\DROPBOX\TUTORIALS_CODE\VISUAL_STUDIO\DEBUG\35_KERNEL.PDB
C:\Users\anton\Dropbox\tutorials_code\visual_studio\35_kernel\Debug\gl_utils.obj
C:\Users\anton\Dropbox\tutorials_code\visual_studio\35_kernel\Debug\main.obj
C:\Users\anton\Dropbox\tutorials_code\visual_studio\35_kernel\Debug\maths_funcs.obj
C:\Users\anton\Dropbox\tutorials_code\visual_studio\35_kernel\Debug\obj_parser.obj
C:\Users\anton\Dropbox\tutorials_code\visual_studio\35_kernel\Debug\cl.command.1.tlog
C:\Users\anton\Dropbox\tutorials_code\visual_studio\35_kernel\Debug\CL.read.1.tlog
C:\Users\anton\Dropbox\tutorials_code\visual_studio\35_kernel\Debug\CL.write.1.tlog
C:\Users\anton\Dropbox\tutorials_code\visual_studio\35_kernel\Debug\link-cvtres.read.1.tlog
C:\Users\anton\Dropbox\tutorials_code\visual_studio\35_kernel\Debug\link-cvtres.write.1.tlog
C:\Users\anton\Dropbox\tutorials_code\visual_studio\35_kernel\Debug\link-rc.read.1.tlog
C:\Users\anton\Dropbox\tutorials_code\visual_studio\35_kernel\Debug\link-rc.write.1.tlog
C:\Users\anton\Dropbox\tutorials_code\visual_studio\35_kernel\Debug\link.command.1.tlog
C:\Users\anton\Dropbox\tutorials_code\visual_studio\35_kernel\Debug\link.read.1.tlog
C:\Users\anton\Dropbox\tutorials_code\visual_studio\35_kernel\Debug\link.write.1.tlog
C:\Users\anton\Dropbox\tutorials_code\visual_studio\35_kernel\Debug\vc110.idb
C:\Users\anton\Dropbox\tutorials_code\visual_studio\35_kernel\Debug\vc110.pdb
C:\Users\anton\Dropbox\tutorials_code\visual_studio\Debug\35_kernel.pdb
C:\Users\anton\Dropbox\tutorials_code\visual_studio\Debug\35_kernel.exe
C:\Users\anton\Dropbox\tutorials_code\visual_studio\Debug\35_kernel.ilk
