C:\USERS\ANTON\DROPBOX\TUTORIALS_CODE\VISUAL_STUDIO\39_SRGB_TEXTURE\DEBUG\GL_UTILS.OBJ
C:\USERS\ANTON\DROPBOX\TUTORIALS_CODE\VISUAL_STUDIO\39_SRGB_TEXTURE\DEBUG\MAIN.OBJ
C:\USERS\ANTON\DROPBOX\TUTORIALS_CODE\VISUAL_STUDIO\39_SRGB_TEXTURE\DEBUG\MATHS_FUNCS.OBJ
C:\USERS\ANTON\DROPBOX\TUTORIALS_CODE\VISUAL_STUDIO\39_SRGB_TEXTURE\DEBUG\VC110.PDB
C:\USERS\ANTON\DROPBOX\TUTORIALS_CODE\VISUAL_STUDIO\39_SRGB_TEXTURE\DEBUG\STB_IMAGE.OBJ
C:\USERS\ANTON\DROPBOX\TUTORIALS_CODE\VISUAL_STUDIO\DEBUG\39_SRGB_TEXTURE.ILK
C:\USERS\ANTON\DROPBOX\TUTORIALS_CODE\VISUAL_STUDIO\DEBUG\39_SRGB_TEXTURE.EXE
C:\USERS\ANTON\DROPBOX\TUTORIALS_CODE\VISUAL_STUDIO\DEBUG\39_SRGB_TEXTURE.PDB
C:\Users\anton\Dropbox\tutorials_code\visual_studio\39_srgb_texture\Debug\gl_utils.obj
C:\Users\anton\Dropbox\tutorials_code\visual_studio\39_srgb_texture\Debug\main.obj
C:\Users\anton\Dropbox\tutorials_code\visual_studio\39_srgb_texture\Debug\maths_funcs.obj
C:\Users\anton\Dropbox\tutorials_code\visual_studio\39_srgb_texture\Debug\stb_image.obj
C:\Users\anton\Dropbox\tutorials_code\visual_studio\39_srgb_texture\Debug\cl.command.1.tlog
C:\Users\anton\Dropbox\tutorials_code\visual_studio\39_srgb_texture\Debug\CL.read.1.tlog
C:\Users\anton\Dropbox\tutorials_code\visual_studio\39_srgb_texture\Debug\CL.write.1.tlog
C:\Users\anton\Dropbox\tutorials_code\visual_studio\39_srgb_texture\Debug\link-cvtres.read.1.tlog
C:\Users\anton\Dropbox\tutorials_code\visual_studio\39_srgb_texture\Debug\link-cvtres.write.1.tlog
C:\Users\anton\Dropbox\tutorials_code\visual_studio\39_srgb_texture\Debug\link-rc.read.1.tlog
C:\Users\anton\Dropbox\tutorials_code\visual_studio\39_srgb_texture\Debug\link-rc.write.1.tlog
C:\Users\anton\Dropbox\tutorials_code\visual_studio\39_srgb_texture\Debug\link.command.1.tlog
C:\Users\anton\Dropbox\tutorials_code\visual_studio\39_srgb_texture\Debug\link.read.1.tlog
C:\Users\anton\Dropbox\tutorials_code\visual_studio\39_srgb_texture\Debug\link.write.1.tlog
C:\Users\anton\Dropbox\tutorials_code\visual_studio\39_srgb_texture\Debug\vc110.idb
C:\Users\anton\Dropbox\tutorials_code\visual_studio\39_srgb_texture\Debug\vc110.pdb
C:\Users\anton\Dropbox\tutorials_code\visual_studio\Debug\39_srgb_texture.pdb
C:\Users\anton\Dropbox\tutorials_code\visual_studio\Debug\39_srgb_texture.exe
C:\Users\anton\Dropbox\tutorials_code\visual_studio\Debug\39_srgb_texture.ilk
