C:\USERS\ANTON\DROPBOX\TUTORIALS_CODE\VISUAL_STUDIO\34_FRAMEBUFFER\DEBUG\GL_UTILS.OBJ
C:\USERS\ANTON\DROPBOX\TUTORIALS_CODE\VISUAL_STUDIO\34_FRAMEBUFFER\DEBUG\MAIN.OBJ
C:\USERS\ANTON\DROPBOX\TUTORIALS_CODE\VISUAL_STUDIO\34_FRAMEBUFFER\DEBUG\MATHS_FUNCS.OBJ
C:\USERS\ANTON\DROPBOX\TUTORIALS_CODE\VISUAL_STUDIO\34_FRAMEBUFFER\DEBUG\OBJ_PARSER.OBJ
C:\USERS\ANTON\DROPBOX\TUTORIALS_CODE\VISUAL_STUDIO\34_FRAMEBUFFER\DEBUG\VC110.PDB
C:\USERS\ANTON\DROPBOX\TUTORIALS_CODE\VISUAL_STUDIO\DEBUG\34_FRAMEBUFFER.ILK
C:\USERS\ANTON\DROPBOX\TUTORIALS_CODE\VISUAL_STUDIO\DEBUG\34_FRAMEBUFFER.EXE
C:\USERS\ANTON\DROPBOX\TUTORIALS_CODE\VISUAL_STUDIO\DEBUG\34_FRAMEBUFFER.PDB
C:\Users\anton\Dropbox\tutorials_code\visual_studio\34_framebuffer\Debug\gl_utils.obj
C:\Users\anton\Dropbox\tutorials_code\visual_studio\34_framebuffer\Debug\main.obj
C:\Users\anton\Dropbox\tutorials_code\visual_studio\34_framebuffer\Debug\maths_funcs.obj
C:\Users\anton\Dropbox\tutorials_code\visual_studio\34_framebuffer\Debug\obj_parser.obj
C:\Users\anton\Dropbox\tutorials_code\visual_studio\34_framebuffer\Debug\cl.command.1.tlog
C:\Users\anton\Dropbox\tutorials_code\visual_studio\34_framebuffer\Debug\CL.read.1.tlog
C:\Users\anton\Dropbox\tutorials_code\visual_studio\34_framebuffer\Debug\CL.write.1.tlog
C:\Users\anton\Dropbox\tutorials_code\visual_studio\34_framebuffer\Debug\link-cvtres.read.1.tlog
C:\Users\anton\Dropbox\tutorials_code\visual_studio\34_framebuffer\Debug\link-cvtres.write.1.tlog
C:\Users\anton\Dropbox\tutorials_code\visual_studio\34_framebuffer\Debug\link-rc.read.1.tlog
C:\Users\anton\Dropbox\tutorials_code\visual_studio\34_framebuffer\Debug\link-rc.write.1.tlog
C:\Users\anton\Dropbox\tutorials_code\visual_studio\34_framebuffer\Debug\link.command.1.tlog
C:\Users\anton\Dropbox\tutorials_code\visual_studio\34_framebuffer\Debug\link.read.1.tlog
C:\Users\anton\Dropbox\tutorials_code\visual_studio\34_framebuffer\Debug\link.write.1.tlog
C:\Users\anton\Dropbox\tutorials_code\visual_studio\34_framebuffer\Debug\vc110.idb
C:\Users\anton\Dropbox\tutorials_code\visual_studio\34_framebuffer\Debug\vc110.pdb
C:\Users\anton\Dropbox\tutorials_code\visual_studio\Debug\34_framebuffer.pdb
C:\Users\anton\Dropbox\tutorials_code\visual_studio\Debug\34_framebuffer.exe
C:\Users\anton\Dropbox\tutorials_code\visual_studio\Debug\34_framebuffer.ilk
