C:\USERS\ANTON\DROPBOX\TUTORIALS_CODE\VISUAL_STUDIO\36_COLOUR_PICKING\DEBUG\GL_UTILS.OBJ
C:\USERS\ANTON\DROPBOX\TUTORIALS_CODE\VISUAL_STUDIO\36_COLOUR_PICKING\DEBUG\MAIN.OBJ
C:\USERS\ANTON\DROPBOX\TUTORIALS_CODE\VISUAL_STUDIO\36_COLOUR_PICKING\DEBUG\MATHS_FUNCS.OBJ
C:\USERS\ANTON\DROPBOX\TUTORIALS_CODE\VISUAL_STUDIO\36_COLOUR_PICKING\DEBUG\OBJ_PARSER.OBJ
C:\USERS\ANTON\DROPBOX\TUTORIALS_CODE\VISUAL_STUDIO\36_COLOUR_PICKING\DEBUG\VC110.PDB
C:\USERS\ANTON\DROPBOX\TUTORIALS_CODE\VISUAL_STUDIO\DEBUG\36_COLOUR_PICKING.ILK
C:\USERS\ANTON\DROPBOX\TUTORIALS_CODE\VISUAL_STUDIO\DEBUG\36_COLOUR_PICKING.EXE
C:\USERS\ANTON\DROPBOX\TUTORIALS_CODE\VISUAL_STUDIO\DEBUG\36_COLOUR_PICKING.PDB
C:\Users\anton\Dropbox\tutorials_code\visual_studio\36_colour_picking\Debug\gl_utils.obj
C:\Users\anton\Dropbox\tutorials_code\visual_studio\36_colour_picking\Debug\main.obj
C:\Users\anton\Dropbox\tutorials_code\visual_studio\36_colour_picking\Debug\maths_funcs.obj
C:\Users\anton\Dropbox\tutorials_code\visual_studio\36_colour_picking\Debug\obj_parser.obj
C:\Users\anton\Dropbox\tutorials_code\visual_studio\36_colour_picking\Debug\cl.command.1.tlog
C:\Users\anton\Dropbox\tutorials_code\visual_studio\36_colour_picking\Debug\CL.read.1.tlog
C:\Users\anton\Dropbox\tutorials_code\visual_studio\36_colour_picking\Debug\CL.write.1.tlog
C:\Users\anton\Dropbox\tutorials_code\visual_studio\36_colour_picking\Debug\link-cvtres.read.1.tlog
C:\Users\anton\Dropbox\tutorials_code\visual_studio\36_colour_picking\Debug\link-cvtres.write.1.tlog
C:\Users\anton\Dropbox\tutorials_code\visual_studio\36_colour_picking\Debug\link-rc.read.1.tlog
C:\Users\anton\Dropbox\tutorials_code\visual_studio\36_colour_picking\Debug\link-rc.write.1.tlog
C:\Users\anton\Dropbox\tutorials_code\visual_studio\36_colour_picking\Debug\link.command.1.tlog
C:\Users\anton\Dropbox\tutorials_code\visual_studio\36_colour_picking\Debug\link.read.1.tlog
C:\Users\anton\Dropbox\tutorials_code\visual_studio\36_colour_picking\Debug\link.write.1.tlog
C:\Users\anton\Dropbox\tutorials_code\visual_studio\36_colour_picking\Debug\vc110.idb
C:\Users\anton\Dropbox\tutorials_code\visual_studio\36_colour_picking\Debug\vc110.pdb
C:\Users\anton\Dropbox\tutorials_code\visual_studio\Debug\36_colour_picking.pdb
C:\Users\anton\Dropbox\tutorials_code\visual_studio\Debug\36_colour_picking.exe
C:\Users\anton\Dropbox\tutorials_code\visual_studio\Debug\36_colour_picking.ilk
