C:\USERS\ANTON\DROPBOX\TUTORIALS_CODE\VISUAL_STUDIO\31_SKINNING_PART_TWO\DEBUG\GL_UTILS.OBJ
C:\USERS\ANTON\DROPBOX\TUTORIALS_CODE\VISUAL_STUDIO\31_SKINNING_PART_TWO\DEBUG\MATHS_FUNCS.OBJ
C:\USERS\ANTON\DROPBOX\TUTORIALS_CODE\VISUAL_STUDIO\31_SKINNING_PART_TWO\DEBUG\VC110.PDB
C:\USERS\ANTON\DROPBOX\TUTORIALS_CODE\VISUAL_STUDIO\31_SKINNING_PART_TWO\DEBUG\MAIN.OBJ
C:\USERS\ANTON\DROPBOX\TUTORIALS_CODE\VISUAL_STUDIO\DEBUG\31_SKINNING_PART_TWO.ILK
C:\USERS\ANTON\DROPBOX\TUTORIALS_CODE\VISUAL_STUDIO\DEBUG\31_SKINNING_PART_TWO.EXE
C:\USERS\ANTON\DROPBOX\TUTORIALS_CODE\VISUAL_STUDIO\DEBUG\31_SKINNING_PART_TWO.PDB
C:\Users\anton\Dropbox\tutorials_code\visual_studio\31_skinning_part_two\Debug\gl_utils.obj
C:\Users\anton\Dropbox\tutorials_code\visual_studio\31_skinning_part_two\Debug\main.obj
C:\Users\anton\Dropbox\tutorials_code\visual_studio\31_skinning_part_two\Debug\maths_funcs.obj
C:\Users\anton\Dropbox\tutorials_code\visual_studio\31_skinning_part_two\Debug\cl.command.1.tlog
C:\Users\anton\Dropbox\tutorials_code\visual_studio\31_skinning_part_two\Debug\CL.read.1.tlog
C:\Users\anton\Dropbox\tutorials_code\visual_studio\31_skinning_part_two\Debug\CL.write.1.tlog
C:\Users\anton\Dropbox\tutorials_code\visual_studio\31_skinning_part_two\Debug\link-cvtres.read.1.tlog
C:\Users\anton\Dropbox\tutorials_code\visual_studio\31_skinning_part_two\Debug\link-cvtres.write.1.tlog
C:\Users\anton\Dropbox\tutorials_code\visual_studio\31_skinning_part_two\Debug\link-rc.read.1.tlog
C:\Users\anton\Dropbox\tutorials_code\visual_studio\31_skinning_part_two\Debug\link-rc.write.1.tlog
C:\Users\anton\Dropbox\tutorials_code\visual_studio\31_skinning_part_two\Debug\link.command.1.tlog
C:\Users\anton\Dropbox\tutorials_code\visual_studio\31_skinning_part_two\Debug\link.read.1.tlog
C:\Users\anton\Dropbox\tutorials_code\visual_studio\31_skinning_part_two\Debug\link.write.1.tlog
C:\Users\anton\Dropbox\tutorials_code\visual_studio\31_skinning_part_two\Debug\vc110.idb
C:\Users\anton\Dropbox\tutorials_code\visual_studio\31_skinning_part_two\Debug\vc110.pdb
C:\Users\anton\Dropbox\tutorials_code\visual_studio\Debug\31_skinning_part_two.pdb
C:\Users\anton\Dropbox\tutorials_code\visual_studio\Debug\31_skinning_part_two.exe
C:\Users\anton\Dropbox\tutorials_code\visual_studio\Debug\31_skinning_part_two.ilk
