C:\USERS\ANTON\DROPBOX\TUTORIALS_CODE\VISUAL_STUDIO\32_SKINNING_PART_THREE\DEBUG\GL_UTILS.OBJ
C:\USERS\ANTON\DROPBOX\TUTORIALS_CODE\VISUAL_STUDIO\32_SKINNING_PART_THREE\DEBUG\MATHS_FUNCS.OBJ
C:\USERS\ANTON\DROPBOX\TUTORIALS_CODE\VISUAL_STUDIO\32_SKINNING_PART_THREE\DEBUG\VC110.PDB
C:\USERS\ANTON\DROPBOX\TUTORIALS_CODE\VISUAL_STUDIO\32_SKINNING_PART_THREE\DEBUG\MAIN.OBJ
C:\USERS\ANTON\DROPBOX\TUTORIALS_CODE\VISUAL_STUDIO\DEBUG\32_SKINNING_PART_THREE.ILK
C:\USERS\ANTON\DROPBOX\TUTORIALS_CODE\VISUAL_STUDIO\DEBUG\32_SKINNING_PART_THREE.EXE
C:\USERS\ANTON\DROPBOX\TUTORIALS_CODE\VISUAL_STUDIO\DEBUG\32_SKINNING_PART_THREE.PDB
C:\Users\anton\Dropbox\tutorials_code\visual_studio\32_skinning_part_three\Debug\gl_utils.obj
C:\Users\anton\Dropbox\tutorials_code\visual_studio\32_skinning_part_three\Debug\main.obj
C:\Users\anton\Dropbox\tutorials_code\visual_studio\32_skinning_part_three\Debug\maths_funcs.obj
C:\Users\anton\Dropbox\tutorials_code\visual_studio\32_skinning_part_three\Debug\cl.command.1.tlog
C:\Users\anton\Dropbox\tutorials_code\visual_studio\32_skinning_part_three\Debug\CL.read.1.tlog
C:\Users\anton\Dropbox\tutorials_code\visual_studio\32_skinning_part_three\Debug\CL.write.1.tlog
C:\Users\anton\Dropbox\tutorials_code\visual_studio\32_skinning_part_three\Debug\link-cvtres.read.1.tlog
C:\Users\anton\Dropbox\tutorials_code\visual_studio\32_skinning_part_three\Debug\link-cvtres.write.1.tlog
C:\Users\anton\Dropbox\tutorials_code\visual_studio\32_skinning_part_three\Debug\link-rc.read.1.tlog
C:\Users\anton\Dropbox\tutorials_code\visual_studio\32_skinning_part_three\Debug\link-rc.write.1.tlog
C:\Users\anton\Dropbox\tutorials_code\visual_studio\32_skinning_part_three\Debug\link.command.1.tlog
C:\Users\anton\Dropbox\tutorials_code\visual_studio\32_skinning_part_three\Debug\link.read.1.tlog
C:\Users\anton\Dropbox\tutorials_code\visual_studio\32_skinning_part_three\Debug\link.write.1.tlog
C:\Users\anton\Dropbox\tutorials_code\visual_studio\32_skinning_part_three\Debug\vc110.idb
C:\Users\anton\Dropbox\tutorials_code\visual_studio\32_skinning_part_three\Debug\vc110.pdb
C:\Users\anton\Dropbox\tutorials_code\visual_studio\Debug\32_skinning_part_three.pdb
C:\Users\anton\Dropbox\tutorials_code\visual_studio\Debug\32_skinning_part_three.exe
C:\Users\anton\Dropbox\tutorials_code\visual_studio\Debug\32_skinning_part_three.ilk
